<?xml version="1.0" encoding="UTF-8"?>
<testng-results ignored="0" total="1" passed="1" failed="0" skipped="0">
  <reporter-output>
  </reporter-output>
  <suite started-at="2024-08-17T15:28:20 IST" name="Suite" finished-at="2024-08-17T15:28:38 IST" duration-ms="17869">
    <groups>
    </groups>
    <test started-at="2024-08-17T15:28:20 IST" name="Test" finished-at="2024-08-17T15:28:38 IST" duration-ms="17869">
      <class name="Selenium.Multiuple_windowhandle">
        <test-method signature="method()[pri:0, instance:Selenium.Multiuple_windowhandle@6af93788]" started-at="2024-08-17T15:28:20 IST" name="method" finished-at="2024-08-17T15:28:38 IST" duration-ms="17835" status="PASS">
          <reporter-output>
          </reporter-output>
        </test-method> <!-- method -->
      </class> <!-- Selenium.Multiuple_windowhandle -->
    </test> <!-- Test -->
  </suite> <!-- Suite -->
</testng-results>
